Found ConfigField TileEntityRemover_Enabled
Found ConfigField TileEntityTargetList
Fluid: liquidessence
Ore: dustVinteum
Ore: gemBlueTopaz
Ore: gemChimerite
Ore: gemMoonstone
Ore: gemSunstone
Ore: crafterWood
Ore: craftingTableWood
Ore: plankWood
Ore: logWood
Ore: stickWood
Ore: crafterWood
Ore: craftingTableWood
Ore: plankWood
Ore: logWood
Ore: stickWood
Ore: crafterWood
Ore: craftingTableWood
Ore: plankWood
Ore: logWood
Ore: stickWood
Ore: crafterWood
Ore: craftingTableWood
Ore: plankWood
Ore: logWood
Ore: stickWood
Ore: crafterWood
Ore: craftingTableWood
Ore: plankWood
Ore: logWood
Ore: stickWood
Ore: crafterWood
Ore: craftingTableWood
Ore: plankWood
Ore: logWood
Ore: stickWood
Ore: crafterWood
Ore: craftingTableWood
Ore: plankWood
Ore: logWood
Ore: stickWood
Ore: crafterWood
Ore: craftingTableWood
Ore: plankWood
Ore: logWood
Ore: stickWood
Ore: crafterWood
Ore: craftingTableWood
Ore: plankWood
Ore: logWood
Ore: stickWood
Ore: crafterWood
Ore: craftingTableWood
Ore: plankWood
Ore: logWood
Ore: stickWood
Ore: crafterWood
Ore: craftingTableWood
Ore: plankWood
Ore: logWood
Ore: stickWood
Ore: crafterWood
Ore: craftingTableWood
Ore: plankWood
Ore: logWood
Ore: stickWood
Ore: dyeBlue
Ore: glassSoul
Ore: chestWood
Ore: blockGlass
Ore: blockGlass
Ore: blockGlass
Ore: cropRaspberry
Ore: cropBlueberry
Ore: cropBlackberry
Ore: cropMaloberry
Ore: cropBlightberry
Ore: cropDuskberry
Ore: cropSkyberry
Ore: cropStingberry
Ore: taintedSoil
Ore: slabWood
Ore: slabWood
Ore: saplingTree
Ore: saplingTree
Ore: leavesTree
Ore: leavesTree
Ore: leavesTree
Ore: leavesTree
Fluid: bop.liquidpoison
Fluid: bop.springwater
Fluid: bop.honey
Ore: plankWood
Ore: stickWood
Ore: stickWood
Ore: dyeBlue
Ore: dyeBrown
Ore: dyeGreen
Ore: dyeWhite
Ore: dyeBlack
Ore: gemRuby
Ore: gemOlivine
Ore: gemPeridot
Ore: gemTopaz
Ore: gemTanzanite
Ore: gemMalachite
Ore: gemSapphire
Ore: oreRuby
Ore: oreTopaz
Ore: oreOlivine
Ore: orePeridot
Ore: oreTanzanite
Ore: oreMalachite
Ore: oreSapphire
Ore: treeSapling
Ore: treeSapling
Ore: logWood
Ore: logWood
Ore: logWood
Ore: logWood
Ore: logWood
Ore: logWood
Ore: logWood
Ore: logWood
Ore: logWood
Ore: logWood
Ore: logWood
Ore: logWood
Ore: logWood
Ore: logWood
Ore: logWood
Ore: slabWood
Ore: slabWood
Ore: stairWood
Ore: stairWood
Ore: stairWood
Ore: stairWood
Ore: stairWood
Ore: stairWood
Ore: stairWood
Ore: stairWood
Ore: stairWood
Ore: stairWood
Ore: stairWood
Ore: stairWood
Ore: stairWood
Ore: treeLeaves
Ore: treeLeaves
Ore: treeLeaves
Ore: treeLeaves
Ore: treeLeaves
Ore: treeLeaves
Ore: treeLeaves
Ore: treeLeaves
Ore: sandstone
Ore: glass
Ore: oreCoal
Ore: cloth
Ore: blockGold
Ore: blockIron
Ore: blockDiamond
Ore: blockGlowstone
Ore: blockEmerald
Ore: blockRedstone
Ore: coal
Ore: charcoal
Ore: ingotIron
Ore: ingotGold
Ore: dustRedstone
Ore: slimeball
Ore: dustGlowstone
Ore: nuggetGold
Ore: gearWood
Ore: gearStone
Ore: gearIron
Ore: gearGold
Ore: gearDiamond
Fluid: uumatter
Fluid: constructionfoam
Fluid: ic2coolant
Ore: oreUranium
Ore: treeLeaves
Ore: treeSapling
Ore: logRubber
Ore: woodRubber
Ore: dustStone
Ore: dustBronze
Ore: dustClay
Ore: dustCoal
Ore: dustCopper
Ore: dustGold
Ore: dustIron
Ore: dustSilver
Ore: dustTin
Ore: dustLead
Ore: dustObsidian
Ore: dyeBlue
Ore: dustLapis
Ore: dustSulfur
Ore: dustLithium
Ore: dustDiamond
Ore: dustSiliconDioxide
Ore: dustHydratedCoal
Ore: dustTinyCopper
Ore: dustTinyGold
Ore: dustTinyIron
Ore: dustTinySilver
Ore: dustTinyTin
Ore: dustTinyLead
Ore: dustTinySulfur
Ore: dustTinyLithium
Ore: itemRubber
Ore: ingotBronze
Ore: ingotCopper
Ore: ingotRefinedIron
Ore: ingotLead
Ore: ingotTin
Ore: ingotSilver
Ore: plateIron
Ore: plateGold
Ore: plateCopper
Ore: plateTin
Ore: plateLead
Ore: plateLapis
Ore: plateObsidian
Ore: plateBronze
Ore: plateDenseIron
Ore: plateDenseGold
Ore: plateDenseCopper
Ore: plateDenseTin
Ore: plateDenseLead
Ore: plateDenseLapis
Ore: plateDenseObsidian
Ore: plateDenseBronze
Ore: crushedIron
Ore: crushedGold
Ore: crushedSilver
Ore: crushedLead
Ore: crushedCopper
Ore: crushedTin
Ore: crushedUranium
Ore: crushedPurifiedIron
Ore: crushedPurifiedGold
Ore: crushedPurifiedSilver
Ore: crushedPurifiedLead
Ore: crushedPurifiedCopper
Ore: crushedPurifiedTin
Ore: crushedPurifiedUranium
Ore: blockBronze
Ore: blockCopper
Ore: blockTin
Ore: blockUranium
Ore: blockLead
Ore: craftingCircuitTier02
Ore: circuitBasic
Ore: craftingCircuitTier04
Ore: circuitAdvanced
Ore: gemDiamond
Ore: gemDiamond
Ore: craftingToolForgeHammer
Ore: craftingToolWireCutter
Fluid: oil
Fluid: fuel
Fluid: milk
Fluid: sludge
Fluid: sewage
Fluid: mobessence
Fluid: biofuel
Fluid: meat
Fluid: pinkslime
Fluid: chocolatemilk
Fluid: mushroomsoup
Ore: gemApatite
Ore: ingotCopper
Ore: ingotTin
Ore: ingotBronze
Ore: brickPeat
Ore: dustAsh
Ore: gearBronze
Ore: gearCopper
Ore: gearTin
Ore: dustWood
Ore: pulpWood
Ore: itemBeeswax
Ore: cropCherry
Ore: cropWalnut
Ore: cropChestnut
Ore: cropLemon
Ore: cropPlum
Ore: cropDate
Ore: cropPapaya
Ore: oreApatite
Ore: oreCopper
Ore: oreTin
Ore: dropHoney
Ore: itemPollen
Ore: dropHoneydew
Ore: dropRoyalJelly
Ore: beeComb
Ore: treeSapling
Ore: logWood
Ore: logWood
Ore: logWood
Ore: logWood
Ore: logWood
Ore: logWood
Ore: logWood
Ore: plankWood
Ore: plankWood
Ore: slabWood
Ore: slabWood
Ore: slabWood
Fluid: short.mead
Fluid: hydrogen
Fluid: oxygen
Fluid: chlorine
Fluid: sulfurdioxidegas
Fluid: sulfurtrioxidegas
Fluid: sulfuricacid
Fluid: hydrogenchloride
Fluid: brine
Ore: oreYellorite
Ore: blockYellorium
Ore: blockCyanite
Ore: blockGraphite
Ore: blockBlutonium
Ore: ingotYellorium
Ore: ingotCyanite
Ore: ingotGraphite
Ore: ingotBlutonium
Ore: dustYellorium
Ore: dustCyanite
Ore: dustGraphite
Ore: dustBlutonium
Ore: reactorCasing
Ore: reactorController
Ore: reactorPowerTap
Ore: reactorRedNetPort
Ore: reactorComputerPort
Ore: reactorCoolantPort
Ore: glassReactor
Ore: glassTurbine
Ore: reactorRedstonePort
Ore: turbineHousing
Ore: turbineController
Ore: turbinePowerTap
Ore: turbineFluidPort
Ore: turbineBearing
Ore: turbineRotorShaft
Ore: turbineRotorBlade
Ore: brSmallMachineCyaniteProcessor
Fluid: yellorium
Fluid: cyanite
Fluid: fuelcolumn
Fluid: steam
Ore: gemDiamond
Ore: gemEmerald
Ore: ingotIron
Ore: ingotGold
Ore: gemDiamond
Fluid: acid
Fluid: poison
Fluid: liquidnitrogen
Ore: logWood
Ore: logWood
Ore: logWood
Ore: logWood
Ore: logWood
Ore: logWood
Ore: logWood
Ore: logWood
Ore: logWood
Ore: logWood
Ore: logWood
Ore: logWood
Ore: logWood
Ore: logWood
Ore: logWood
Ore: logWood
Ore: logWood
Ore: logWood
Ore: logWood
Ore: logWood
Ore: logWood
Ore: logWood
Ore: logWood
Ore: logWood
Ore: logWood
Ore: logWood
Ore: logWood
Ore: logWood
Ore: logWood
Ore: logWood
Ore: logWood
Ore: logWood
Ore: logWood
Ore: logWood
Ore: logWood
Ore: logWood
Ore: logWood
Ore: logWood
Ore: logWood
Ore: logWood
Ore: plankWood
Ore: plankWood
Ore: plankWood
Ore: plankWood
Ore: plankWood
Ore: plankWood
Ore: plankWood
Ore: plankWood
Ore: plankWood
Ore: plankWood
Ore: plankWood
Ore: plankWood
Ore: plankWood
Ore: plankWood
Ore: plankWood
Ore: plankWood
Ore: plankWood
Ore: plankWood
Ore: plankWood
Ore: plankWood
Ore: plankWood
Ore: plankWood
Ore: plankWood
Ore: plankWood
Ore: plankWood
Ore: plankWood
Ore: plankWood
Ore: plankWood
Ore: plankWood
Ore: plankWood
Ore: plankWood
Ore: plankWood
Ore: plankWood
Ore: plankWood
Ore: plankWood
Fluid: sap
Fluid: resin
Fluid: latex
Fluid: turpentine
Ore: dustWood
Ore: pulpWood
Ore: cropApple
Ore: cropCrabapple
Ore: cropOrange
Ore: cropKumquat
Ore: cropLime
Ore: cropCherry
Ore: cropWildCherry
Ore: cropCherry
Ore: cropSourCherry
Ore: cropCherry
Ore: cropBlackCherry
Ore: cropBlackthorn
Ore: cropPlum
Ore: cropCherryPlum
Ore: cropAlmond
Ore: cropApricot
Ore: cropGrapefruit
Ore: cropPeach
Ore: cropSatsuma
Ore: cropOrange
Ore: cropBuddhaHand
Ore: cropCitron
Ore: cropCitron
Ore: cropLime
Ore: cropFingerLime
Ore: cropKeyLime
Ore: cropLime
Ore: cropOrange
Ore: cropManderin
Ore: cropPeach
Ore: cropNectarine
Ore: cropPomelo
Ore: cropTangerine
Ore: cropOrange
Ore: cropPear
Ore: cropSandPear
Ore: cropHazelnut
Ore: cropButternut
Ore: cropWalnut
Ore: cropBeechnut
Ore: cropPecan
Ore: cropBanana
Ore: cropRedBanana
Ore: cropBanana
Ore: cropPlantain
Ore: cropBrazilNut
Ore: cropFig
Ore: cropAcorn
Ore: cropElderberry
Ore: cropOlive
Ore: cropGingkoNut
Ore: cropCoffee
Ore: cropOsangeOrange
Ore: cropClove
Ore: cropApple
Ore: cropHops
Ore: seedWheat
Ore: seedWheat
Ore: seedBarley
Ore: seedCorn
Ore: seedRye
Ore: seedRoasted
Ore: mysticFlowerWhite
Ore: mysticFlowerOrange
Ore: mysticFlowerMagenta
Ore: mysticFlowerLightBlue
Ore: mysticFlowerYellow
Ore: mysticFlowerLime
Ore: mysticFlowerPink
Ore: mysticFlowerGray
Ore: mysticFlowerLightGray
Ore: mysticFlowerCyan
Ore: mysticFlowerPurple
Ore: mysticFlowerBlue
Ore: mysticFlowerBrown
Ore: mysticFlowerGreen
Ore: mysticFlowerRed
Ore: mysticFlowerBlack
Ore: livingrock
Ore: livingwood
Ore: oreCoal
Ore: lexicaBotania
Ore: petalWhite
Ore: dyeWhite
Ore: manaPetalWhite
Ore: runeWaterB
Ore: petalOrange
Ore: dyeOrange
Ore: manaPetalOrange
Ore: runeFireB
Ore: petalMagenta
Ore: dyeMagenta
Ore: manaPetalMagenta
Ore: runeEarthB
Ore: petalLightBlue
Ore: dyeLightBlue
Ore: manaPetalLightBlue
Ore: runeAirB
Ore: petalYellow
Ore: dyeYellow
Ore: manaPetalYellow
Ore: runeSpringB
Ore: petalLime
Ore: dyeLime
Ore: manaPetalLime
Ore: runeSummerB
Ore: petalPink
Ore: dyePink
Ore: manaPetalPink
Ore: runeAutumnB
Ore: petalGray
Ore: dyeGray
Ore: manaPetalGray
Ore: runeWinterB
Ore: petalLightGray
Ore: dyeLightGray
Ore: manaPetalLightGray
Ore: runeManaB
Ore: petalCyan
Ore: dyeCyan
Ore: manaPetalCyan
Ore: runeLustB
Ore: petalPurple
Ore: dyePurple
Ore: manaPetalPurple
Ore: runeGluttonyB
Ore: petalBlue
Ore: dyeBlue
Ore: manaPetalBlue
Ore: runeGreedB
Ore: petalBrown
Ore: dyeBrown
Ore: manaPetalBrown
Ore: runeSlothB
Ore: petalGreen
Ore: dyeGreen
Ore: manaPetalGreen
Ore: runeWrathB
Ore: petalRed
Ore: dyeRed
Ore: manaPetalRed
Ore: runeEnvyB
Ore: petalBlack
Ore: dyeBlack
Ore: manaPetalBlack
Ore: runePrideB
Ore: pestleAndMortar
Ore: ingotManasteel
Ore: manaPearl
Ore: manaDiamond
Ore: ingotIron
Ore: ingotGold
Ore: gemDiamond
Fluid: fluxgoo
Ore: oreCinnabar
Ore: oreInfusedAir
Ore: oreInfusedFire
Ore: oreInfusedWater
Ore: oreInfusedEarth
Ore: oreInfusedOrder
Ore: oreInfusedEntropy
Ore: shardAir
Ore: shardFire
Ore: shardWater
Ore: shardEarth
Ore: shardOrder
Ore: shardEntropy
Ore: oreAmber
Ore: quicksilver
Ore: gemAmber
Ore: nuggetIron
Ore: nuggetCopper
Ore: nuggetTin
Ore: nuggetSilver
Ore: nuggetLead
Ore: nuggetThaumium
Ore: nuggetMercury
Ore: nuggetQuicksilver
Ore: ingotThaumium
Ore: clusterIron
Ore: clusterCopper
Ore: clusterTin
Ore: clusterSilver
Ore: clusterLead
Ore: clusterCinnabar
Ore: clusterGold
Ore: logWood
Ore: logWood
Ore: plankWood
Ore: plankWood
Fluid: creosote
Ore: nuggetIron
Ore: nuggetSteel
Ore: ingotSteel
Ore: fuelCoke
Ore: dustObsidian
Ore: dustSulfur
Ore: dustSaltpeter
Ore: dustCharcoal
Ore: blockSteel
Ore: oreSulfur
Ore: oreSaltpeter
Ore: oreDiamond
Ore: oreEmerald
Ore: oreLapis
Ore: oreFirestone
Ore: sludge
Ore: oreSilver
Ore: ingotSilver
Ore: ingotLead
Ore: blockSilver
Ore: blockLead
Ore: oreDarkIron
Ore: oreFzDarkIron
Ore: ingotDarkIron
Ore: ingotFzDarkIron
Ore: blockDarkIron
Ore: blockFzDarkIron
Ore: sulfuricAcid
Ore: bottleSulfuricAcid
Ore: aquaRegia
Ore: pipeMediumBronze
Ore: pipeMediumSteel
Ore: pipeMediumStainlessSteel
Ore: pipeMediumTungstenSteel
Ore: pipeSmallBronze
Ore: pipeSmallSteel
Ore: pipeSmallStainlessSteel
Ore: pipeSmallTungstenSteel
Ore: pipeLargeBronze
Ore: pipeLargeSteel
Ore: pipeLargeStainlessSteel
Ore: pipeLargeTungstenSteel
Ore: pipeMediumBrass
Ore: pipeMediumElectrum
Ore: pipeMediumPlatinum
Ore: pipeLargeBrass
Ore: pipeLargeElectrum
Ore: pipeLargePlatinum
Ore: cellEmpty
Ore: cellOxygen
Ore: cellLava
Ore: cellWater
Ore: cellCreosote
Ore: cellBioFuel
Ore: cellCoalFuel
Ore: cellUUMatter
Ore: cellConstructionFoam
Ore: bucketEmpty
Ore: bucketWater
Ore: bucketLava
Ore: bottleEmpty
Ore: bottleWater
Ore: plateAlloyIridium
Ore: plateAlloyAdvanced
Ore: plateAlloyCarbon
Ore: oreRedstone
Ore: oreNetherQuartz
Ore: oreGalena
Ore: oreIridium
Ore: oreRuby
Ore: oreSapphire
Ore: oreBauxite
Ore: orePyrite
Ore: oreCinnabar
Ore: oreSphalerite
Ore: oreTungstate
Ore: oreCooperite
Ore: oreOlivine
Ore: oreSodalite
Ore: oreTetrahedrite
Ore: oreCassiterite
Ore: oreNickel
Ore: gemIridium
Ore: gemEnderEye
Ore: gemEnderPearl
Ore: gemCoal
Ore: gemCharcoal
Ore: gemLapis
Ore: craftingQuartz
Ore: gemNetherQuartz
Ore: gemNetherStar
Ore: dustSugar
Ore: dustGunpowder
Ore: dustBlaze
Ore: stickBlaze
Ore: blockLapis
Ore: blockCoal
Ore: blockSilver
Ore: blockRuby
Ore: blockSapphire
Ore: blockAluminium
Ore: blockTitanium
Ore: blockChrome
Ore: blockSteel
Ore: blockBrass
Ore: blockLead
Ore: blockElectrum
Ore: blockZinc
Ore: blockOlivine
Ore: blockGreenSapphire
Ore: blockPlatinum
Ore: blockTungsten
Ore: blockNickel
Ore: blockInvar
Ore: blockOsmium
Ore: blockIridium
Ore: blockGarnetYellow
Ore: blockGarnetRed
Ore: craftingEnderChest
Ore: craftingIndustrialDiamond
Ore: glassReinforced
Ore: stoneObsidian
Ore: stoneMossy
Ore: cobblestone
Ore: stoneCobble
Ore: stoneBricks
Ore: stoneMossy
Ore: stoneCracked
Ore: stoneChiseled
Ore: stoneSand
Ore: stoneNetherrack
Ore: stoneNetherBrick
Ore: stoneEndstone
Ore: stoneGraniteBlack
Ore: stoneGraniteBlack
Ore: stoneGraniteBlack
Ore: stoneGraniteBlack
Ore: stoneGraniteBlack
Ore: stoneGraniteBlack
Ore: stoneGraniteBlack
Ore: stoneGraniteBlack
Ore: stoneGraniteRed
Ore: stoneGraniteRed
Ore: stoneGraniteRed
Ore: stoneGraniteRed
Ore: stoneGraniteRed
Ore: stoneGraniteRed
Ore: stoneGraniteRed
Ore: stoneGraniteRed
Ore: ingotHotTungstenSteel
Ore: ingotTungstenSteel
Ore: dyeBlue
Ore: plateMagnalium
Ore: dustWheat
Ore: plankWood
Ore: ingotIridium
Ore: ingotSilver
Ore: ingotAluminium
Ore: ingotTitanium
Ore: ingotChrome
Ore: ingotElectrum
Ore: ingotTungsten
Ore: ingotLead
Ore: ingotZinc
Ore: ingotBrass
Ore: ingotSteel
Ore: ingotPlatinum
Ore: ingotNickel
Ore: ingotInvar
Ore: ingotOsmium
Ore: ingotAntimony
Ore: gemRuby
Ore: gemSapphire
Ore: gemGreenSapphire
Ore: blockLazurite
Ore: plateSilicon
Ore: gemOlivine
Ore: gemPeridot
Ore: ingotThorium
Ore: ingotPlutonium
Ore: ingotMagnalium
Ore: ingotSolderingAlloy
Ore: ingotBatteryAlloy
Ore: ingotUranium
Ore: ingotStainlessSteel
Ore: ingotCupronickel
Ore: ingotNichrome
Ore: ingotKanthal
Ore: gemGarnetRed
Ore: gemGarnet
Ore: gemGarnetYellow
Ore: plateGarnetYellow
Ore: plateGarnetRed
Ore: plateGarnet
Ore: plateIron
Ore: plateGold
Ore: craftingPlateSteel
Ore: plateStainlessSteel
Ore: plateTin
Ore: plateCopper
Ore: plateSilver
Ore: plateBronze
Ore: plateElectrum
Ore: plateNickel
Ore: plateInvar
Ore: plateLead
Ore: plateAluminium
Ore: plateChrome
Ore: plateTitanium
Ore: craftingPlateSteel
Ore: plateSteel
Ore: platePlatinum
Ore: plateTungsten
Ore: plateBrass
Ore: plateZinc
Ore: plateTungstenSteel
Ore: plateOsmium
Ore: plateIridium
Ore: plateBatteryAlloy
Ore: plateDiamond
Ore: plateEmerald
Ore: plateRuby
Ore: plateSapphire
Ore: plateGreenSapphire
Ore: plateOlivine
Ore: plateRedstone
Ore: plateLapis
Ore: plateCoal
Ore: stickIron
Ore: stickGold
Ore: stickStainlessSteel
Ore: craftingToolSolderingMetal
Ore: stickTin
Ore: stickCopper
Ore: stickSilver
Ore: stickBronze
Ore: stickElectrum
Ore: stickNickel
Ore: stickInvar
Ore: stickLead
Ore: stickAluminium
Ore: stickChrome
Ore: stickTitanium
Ore: stickSteel
Ore: stickPlatinum
Ore: stickTungsten
Ore: stickBrass
Ore: stickZinc
Ore: stickTungstenSteel
Ore: stickOsmium
Ore: stickIridium
Ore: craftingLenseWhite
Ore: lenseDiamond
Ore: craftingLenseRed
Ore: lenseRuby
Ore: craftingLenseGreen
Ore: lenseEmerald
Ore: craftingLenseBlue
Ore: lenseSapphire
Ore: craftingLenseCyan
Ore: lenseGreenSapphire
Ore: craftingLenseYellow
Ore: lenseGarnetYellow
Ore: craftingLenseRed
Ore: lenseGarnetRed
Ore: lenseGarnet
Ore: craftingLenseLime
Ore: lenseOlivine
Ore: craftingLenseOrange
Ore: lenseAmber
Ore: craftingLensePurple
Ore: lenseTanzanite
Ore: craftingLenseOrange
Ore: lenseTopaz
Ore: boltIron
Ore: boltGold
Ore: boltStainlessSteel
Ore: boltTin
Ore: boltCopper
Ore: boltSilver
Ore: boltBronze
Ore: boltElectrum
Ore: boltNickel
Ore: boltInvar
Ore: boltLead
Ore: boltAluminium
Ore: boltChrome
Ore: boltTitanium
Ore: boltSteel
Ore: boltPlatinum
Ore: boltTungsten
Ore: boltBrass
Ore: boltZinc
Ore: boltTungstenSteel
Ore: boltOsmium
Ore: boltIridium
Ore: screwIron
Ore: screwGold
Ore: screwStainlessSteel
Ore: screwTin
Ore: screwCopper
Ore: screwSilver
Ore: screwBronze
Ore: screwElectrum
Ore: screwNickel
Ore: screwInvar
Ore: screwLead
Ore: screwAluminium
Ore: screwChrome
Ore: screwTitanium
Ore: screwSteel
Ore: screwPlatinum
Ore: screwTungsten
Ore: screwBrass
Ore: screwZinc
Ore: screwTungstenSteel
Ore: screwOsmium
Ore: screwIridium
Ore: roundIron
Ore: roundGold
Ore: roundStainlessSteel
Ore: roundTin
Ore: roundCopper
Ore: roundSilver
Ore: roundBronze
Ore: roundElectrum
Ore: roundNickel
Ore: roundInvar
Ore: roundLead
Ore: roundAluminium
Ore: roundChrome
Ore: roundTitanium
Ore: roundSteel
Ore: roundPlatinum
Ore: roundTungsten
Ore: roundBrass
Ore: roundZinc
Ore: roundTungstenSteel
Ore: roundOsmium
Ore: roundIridium
Ore: nuggetIridium
Ore: nuggetSilver
Ore: nuggetAluminium
Ore: nuggetTitanium
Ore: nuggetChrome
Ore: nuggetElectrum
Ore: nuggetTungsten
Ore: nuggetLead
Ore: nuggetZinc
Ore: nuggetBrass
Ore: nuggetSteel
Ore: nuggetPlatinum
Ore: nuggetNickel
Ore: nuggetInvar
Ore: nuggetOsmium
Ore: nuggetAntimony
Ore: nuggetIron
Ore: nuggetCopper
Ore: nuggetTin
Ore: nuggetBronze
Ore: dustEnderPearl
Ore: dustSmallEnderPearl
Ore: dustTinyEnderPearl
Ore: dustImpureEnderPearl
Ore: dustEnderEye
Ore: dustSmallEnderEye
Ore: dustTinyEnderEye
Ore: dustImpureEnderEye
Ore: dyeCyan
Ore: dustLazurite
Ore: dustSmallLazurite
Ore: dustTinyLazurite
Ore: dustImpureLazurite
Ore: dustPyrite
Ore: dustSmallPyrite
Ore: dustTinyPyrite
Ore: dustImpurePyrite
Ore: dustCalcite
Ore: dustSmallCalcite
Ore: dustTinyCalcite
Ore: dustImpureCalcite
Ore: dyeBlue
Ore: dustSodalite
Ore: dustSmallSodalite
Ore: dustTinySodalite
Ore: dustImpureSodalite
Ore: dustNetherrack
Ore: dustSmallNetherrack
Ore: dustTinyNetherrack
Ore: dustImpureNetherrack
Ore: dustFlint
Ore: dustSmallFlint
Ore: dustTinyFlint
Ore: dustImpureFlint
Ore: dustSulfur
Ore: dustSmallSulfur
Ore: dustTinySulfur
Ore: dustImpureSulfur
Ore: dustSaltpeter
Ore: dustSmallSaltpeter
Ore: dustTinySaltpeter
Ore: dustImpureSaltpeter
Ore: dustEndstone
Ore: dustSmallEndstone
Ore: dustTinyEndstone
Ore: dustImpureEndstone
Ore: dustCinnabar
Ore: dustSmallCinnabar
Ore: dustTinyCinnabar
Ore: dustImpureCinnabar
Ore: dustManganese
Ore: dustSmallManganese
Ore: dustTinyManganese
Ore: dustImpureManganese
Ore: dustMagnesium
Ore: dustSmallMagnesium
Ore: dustTinyMagnesium
Ore: dustImpureMagnesium
Ore: dustSphalerite
Ore: dustSmallSphalerite
Ore: dustTinySphalerite
Ore: dustImpureSphalerite
Ore: pulpWood
Ore: dustWood
Ore: dustSmallWood
Ore: dustTinyWood
Ore: dustImpureWood
Ore: dustUranium
Ore: dustSmallUranium
Ore: dustTinyUranium
Ore: dustImpureUranium
Ore: dustBauxite
Ore: dustSmallBauxite
Ore: dustTinyBauxite
Ore: dustImpureBauxite
Ore: dustAluminium
Ore: dustSmallAluminium
Ore: dustTinyAluminium
Ore: dustImpureAluminium
Ore: dustTitanium
Ore: dustSmallTitanium
Ore: dustTinyTitanium
Ore: dustImpureTitanium
Ore: dustChrome
Ore: dustSmallChrome
Ore: dustTinyChrome
Ore: dustImpureChrome
Ore: dustElectrum
Ore: dustSmallElectrum
Ore: dustTinyElectrum
Ore: dustImpureElectrum
Ore: dustTungsten
Ore: dustSmallTungsten
Ore: dustTinyTungsten
Ore: dustImpureTungsten
Ore: dustLead
Ore: dustSmallLead
Ore: dustTinyLead
Ore: dustImpureLead
Ore: dustZinc
Ore: dustSmallZinc
Ore: dustTinyZinc
Ore: dustImpureZinc
Ore: dustBrass
Ore: dustSmallBrass
Ore: dustTinyBrass
Ore: dustImpureBrass
Ore: dustSteel
Ore: dustSmallSteel
Ore: dustTinySteel
Ore: dustImpureSteel
Ore: dustPlatinum
Ore: dustSmallPlatinum
Ore: dustTinyPlatinum
Ore: dustImpurePlatinum
Ore: dustNickel
Ore: dustSmallNickel
Ore: dustTinyNickel
Ore: dustImpureNickel
Ore: dustInvar
Ore: dustSmallInvar
Ore: dustTinyInvar
Ore: dustImpureInvar
Ore: dustOsmium
Ore: dustSmallOsmium
Ore: dustTinyOsmium
Ore: dustImpureOsmium
Ore: dustAntimony
Ore: dustSmallAntimony
Ore: dustTinyAntimony
Ore: dustImpureAntimony
Ore: dustRuby
Ore: dustSmallRuby
Ore: dustTinyRuby
Ore: dustImpureRuby
Ore: dustSapphire
Ore: dustSmallSapphire
Ore: dustTinySapphire
Ore: dustImpureSapphire
Ore: dustGreenSapphire
Ore: dustSmallGreenSapphire
Ore: dustTinyGreenSapphire
Ore: dustImpureGreenSapphire
Ore: dustEmerald
Ore: dustSmallEmerald
Ore: dustTinyEmerald
Ore: dustImpureEmerald
Ore: dustDiamond
Ore: dustSmallDiamond
Ore: dustTinyDiamond
Ore: dustImpureDiamond
Ore: dustOlivine
Ore: dustSmallOlivine
Ore: dustTinyOlivine
Ore: dustImpureOlivine
Ore: dustCupronickel
Ore: dustSmallCupronickel
Ore: dustTinyCupronickel
Ore: dustImpureCupronickel
Ore: dustNichrome
Ore: dustSmallNichrome
Ore: dustTinyNichrome
Ore: dustImpureNichrome
Ore: dustKanthal
Ore: dustSmallKanthal
Ore: dustTinyKanthal
Ore: dustImpureKanthal
Ore: dustStainlessSteel
Ore: dustSmallStainlessSteel
Ore: dustTinyStainlessSteel
Ore: dustImpureStainlessSteel
Ore: dustGalena
Ore: dustSmallGalena
Ore: dustTinyGalena
Ore: dustImpureGalena
Ore: dustPhosphorus
Ore: dustSmallPhosphorus
Ore: dustTinyPhosphorus
Ore: dustImpurePhosphorus
Ore: dustObsidian
Ore: dustSmallObsidian
Ore: dustTinyObsidian
Ore: dustImpureObsidian
Ore: dustCharcoal
Ore: dustSmallCharcoal
Ore: dustTinyCharcoal
Ore: dustImpureCharcoal
Ore: dustGarnetRed
Ore: dustGarnet
Ore: dustSmallGarnetRed
Ore: dustSmallGarnet
Ore: dustTinyGarnetRed
Ore: dustTinyGarnet
Ore: dustImpureGarnetRed
Ore: dustImpureGarnet
Ore: dustGarnetYellow
Ore: dustSmallGarnetYellow
Ore: dustTinyGarnetYellow
Ore: dustImpureGarnetYellow
Ore: dustPyrope
Ore: dustSmallPyrope
Ore: dustTinyPyrope
Ore: dustImpurePyrope
Ore: dustAlmandine
Ore: dustSmallAlmandine
Ore: dustTinyAlmandine
Ore: dustImpureAlmandine
Ore: dustSpessartine
Ore: dustSmallSpessartine
Ore: dustTinySpessartine
Ore: dustImpureSpessartine
Ore: dustAndradite
Ore: dustSmallAndradite
Ore: dustTinyAndradite
Ore: dustImpureAndradite
Ore: dustGrossular
Ore: dustSmallGrossular
Ore: dustTinyGrossular
Ore: dustImpureGrossular
Ore: dustUvarovite
Ore: dustSmallUvarovite
Ore: dustTinyUvarovite
Ore: dustImpureUvarovite
Ore: dustAsh
Ore: dustSmallAsh
Ore: dustTinyAsh
Ore: dustImpureAsh
Ore: dustDarkAsh
Ore: dustSmallDarkAsh
Ore: dustTinyDarkAsh
Ore: dustImpureDarkAsh
Ore: dustRedrock
Ore: dustSmallRedrock
Ore: dustTinyRedrock
Ore: dustImpureRedrock
Ore: dustMarble
Ore: dustSmallMarble
Ore: dustTinyMarble
Ore: dustImpureMarble
Ore: dustBasalt
Ore: dustSmallBasalt
Ore: dustTinyBasalt
Ore: dustImpureBasalt
Ore: dustIridium
Ore: dustSmallIridium
Ore: dustTinyIridium
Ore: dustImpureIridium
Ore: dustGraniteBlack
Ore: dustSmallGraniteBlack
Ore: dustTinyGraniteBlack
Ore: dustImpureGraniteBlack
Ore: dustGraniteRed
Ore: dustSmallGraniteRed
Ore: dustTinyGraniteRed
Ore: dustImpureGraniteRed
Ore: dustPotassiumFeldspar
Ore: dustSmallPotassiumFeldspar
Ore: dustTinyPotassiumFeldspar
Ore: dustImpurePotassiumFeldspar
Ore: dustBiotite
Ore: dustSmallBiotite
Ore: dustTinyBiotite
Ore: dustImpureBiotite
Ore: dustThorium
Ore: dustSmallThorium
Ore: dustTinyThorium
Ore: dustImpureThorium
Ore: dustPlutonium
Ore: dustSmallPlutonium
Ore: dustTinyPlutonium
Ore: dustImpurePlutonium
Ore: dyeBlue
Ore: dustLapis
Ore: dustSmallLapis
Ore: dustTinyLapis
Ore: dustImpureLapis
Ore: dustTetrahedrite
Ore: dustSmallTetrahedrite
Ore: dustTinyTetrahedrite
Ore: dustImpureTetrahedrite
Ore: dustCoal
Ore: dustSmallCoal
Ore: dustTinyCoal
Ore: dustImpureCoal
Ore: dustIron
Ore: dustSmallIron
Ore: dustTinyIron
Ore: dustImpureIron
Ore: dustGold
Ore: dustSmallGold
Ore: dustTinyGold
Ore: dustImpureGold
Ore: dustCopper
Ore: dustSmallCopper
Ore: dustTinyCopper
Ore: dustImpureCopper
Ore: dustTin
Ore: dustSmallTin
Ore: dustTinyTin
Ore: dustImpureTin
Ore: dustBronze
Ore: dustSmallBronze
Ore: dustTinyBronze
Ore: dustImpureBronze
Ore: dustSilver
Ore: dustSmallSilver
Ore: dustTinySilver
Ore: dustImpureSilver
Ore: dustClay
Ore: dustSmallClay
Ore: dustTinyClay
Ore: dustImpureClay
Ore: dustSmallGunpowder
Ore: dustTinyGunpowder
Ore: dustSmallRedstone
Ore: dustTinyRedstone
Ore: dustSmallGlowstone
Ore: dustTinyGlowstone
Ore: dustSmallBlaze
Ore: dustTinyBlaze
Ore: cellHydrogen
Ore: cellDeuterium
Ore: cellTritium
Ore: cellHelium
Ore: cellTungsten
Ore: cellLithium
Ore: cellHelium_3
Ore: cellSilicon
Ore: cellCarbon
Ore: cellMethane
Ore: cellBeryllium
Ore: cellCalcium
Ore: cellSodium
Ore: cellChlorine
Ore: cellPotassium
Ore: cellNitrogen
Ore: cellMercury
Ore: cellOil
Ore: cellFuel
Ore: cellEthanol
Ore: cellBiomass
Ore: cellNitroFuel
Ore: cellIce
Ore: cellSeedOil
Ore: cellSodiumPersulfate
Ore: cellCalcite
Ore: cellGlyceryl
Ore: cellNitroCoalFuel
Ore: cellSulfur
Ore: cellSodiumSulfide
Ore: cellNitrogenDioxide
Ore: cellNitroCarbon
Ore: cellSulfuricAcid
Ore: cellPlasmaHelium
Ore: craftingCircuitTier07
Ore: circuitMaster
Ore: craftingCircuitTier06
Ore: circuitElite
Ore: craftingCircuitTier05
Ore: circuitData
Ore: circuitPartAdvanced
Ore: circuitBoardBasic
Ore: circuitBoardAdvanced
Ore: circuitBoardElite
Ore: craftingSuperconductor
Ore: craftingMonitorTier02
Ore: craftingConveyor
Ore: craftingPump
Ore: craftingSolarPanel
Ore: craftingItemValve
Ore: craftingDrain
Ore: craftingLiquidMeter
Ore: craftingItemMeter
Ore: crafting1kkEUStore
Ore: batteryElite
Ore: crafting10kkEUStore
Ore: batteryMaster
Ore: crafting100kkEUStore
Ore: batteryUltimate
Ore: craftingEnergyMeter
Ore: craftingDuctTape
Ore: craftingDiamondBlade
Ore: craftingGrinder
Ore: craftingHeatingCoilTier01
Ore: craftingHeatingCoilTier02
Ore: craftingHeatingCoilTier00
Ore: craftingMachineParts
Ore: craftingGrinder
Ore: craftingPneumaticGenerator
Ore: crafting100kEUStore
Ore: craftingLiBattery
Ore: calclavia:ADVANCED_BATTERY
Ore: batteryLithium
Ore: craftingHVTUpgrade
Ore: craftingEnergyCellUpgrade
Ore: craftingQuantumChestUpgrade
Ore: craftingWorkDetector
Ore: craftingWorkController
Ore: craftingRawMachineTier00
Ore: craftingRawMachineTier01
Ore: craftingRawMachineTier00
Ore: craftingRawMachineTier00
Ore: craftingRawMachineTier02
Ore: craftingRawMachineTier03
Ore: craftingRawMachineTier00
Ore: craftingRawMachineTier01
Ore: craftingRawMachineTier03
Ore: craftingRawMachineTier02
Ore: craftingTurbineBladeBronze
Ore: craftingTurbineBladeSteel
Ore: craftingTurbineBladeMagnalium
Ore: craftingTurbineBladeTungstenSteel
Ore: craftingTurbineBladeCarbon
Ore: craftingSprayCan
Ore: craftingWorkBench
Ore: craftingSolarPanelLV
Ore: craftingSolarPanelMV
Ore: craftingSolarPanelHV
Ore: craftingShutter
Ore: craftingSteamUpgrade
Ore: craftingSteamTank
Ore: craftingRedstoneReceiver
Ore: craftingRedstoneReceiver
Ore: craftingRedstoneTransmitter
Ore: craftingRedstoneTransmitter
Ore: craftingRedstoneConductor
Ore: craftingRedstoneSignalizer
Ore: craftingLock
Ore: craftingMuffler
Ore: gearIron
Ore: craftingGearTier01
Ore: gearBronze
Ore: craftingGearTier01
Ore: gearSteel
Ore: craftingGearTier02
Ore: gearTitanium
Ore: craftingGearTier03
Ore: gearTungstenSteel
Ore: craftingGearTier03
Ore: gearIridium
Ore: craftingGearTier04
Ore: gearStainlessSteel
Ore: craftingGearTier02
Ore: craftingToolCrowbar
Ore: craftingToolScrewdriver
Ore: craftingToolWrench
Ore: craftingToolWrench
Ore: craftingToolWrench
Ore: craftingToolWrench
Ore: craftingToolWrench
Ore: craftingToolWrench
Ore: craftingToolSoftHammer
Ore: craftingToolHardHammer
Ore: craftingToolHardHammer
Ore: craftingToolHardHammer
Ore: craftingToolHardHammer
Ore: craftingToolSolderingIron
Ore: craftingToolSolderingMetal
Ore: craftingToolSolderingMetal
Ore: craftingToolFile
Ore: craftingToolFile
Ore: craftingToolFile
Ore: craftingToolFile
Ore: dyeBlack
Ore: dyeRed
Ore: dyeGreen
Ore: dyeBrown
Ore: dyeBlue
Ore: dyePurple
Ore: dyeCyan
Ore: dyeLightGray
Ore: dyeGray
Ore: dyePink
Ore: dyeLime
Ore: dyeYellow
Ore: dyeLightBlue
Ore: dyeMagenta
Ore: dyeOrange
Ore: dyeWhite
Ore: craftingToolSaw
Ore: craftingToolSaw
Ore: craftingToolSaw
Ore: craftingToolSaw
Ore: craftingToolSaw
Ore: craftingToolSaw
Ore: craftingToolScrewdriver
Ore: craftingToolScrewdriver
Ore: plateIron
Ore: craftingPlateSteel
Ore: plateSteel
Ore: crafting100kEUStore
Ore: craftingLiBattery
Ore: calclavia:ADVANCED_BATTERY
Ore: batteryLithium
Ore: crafting100kEUStore
Ore: craftingLiBattery
Ore: calclavia:ADVANCED_BATTERY
Ore: batteryLithium
Ore: craftingCircuitTier08
Ore: circuitUltimate
Ore: crafting10kEUStore
Ore: calclavia:BATTERY
Ore: batteryBasic
Ore: crafting10kEUStore
Ore: calclavia:BATTERY
Ore: batteryBasic
Ore: crafting100kEUStore
Ore: calclavia:ADVANCED_BATTERY
Ore: batteryAdvanced
Ore: crafting60kEUPack
Ore: crafting300kEUPack
Ore: crafting600kEUPack
Ore: crafting1kkEUStore
Ore: batteryElite
Ore: crafting10kkEUStore
Ore: batteryMaster
Ore: crafting100kkEUStore
Ore: batteryUltimate
Ore: crafting100kkEUPack
Ore: crafting10kCoolantStore
Ore: crafting30kCoolantStore
Ore: crafting60kCoolantStore
Ore: crafting60kCoolantStore
Ore: crafting60kCoolantStore
Ore: crafting180kCoolantStore
Ore: crafting180kCoolantStore
Ore: crafting360kCoolantStore
Ore: crafting360kCoolantStore
Ore: wireCopper
Ore: craftingWireCopper
Ore: craftingWireGold
Ore: craftingWireIron
Ore: craftingWireTin
Ore: craftingRawMachineTier00
Ore: craftingRawMachineTier01
Ore: craftingRawMachineTier00
Ore: craftingRawMachineTier01
Ore: craftingRawMachineTier02
Ore: craftingRawMachineTier04
Ore: craftingRedstoneTorch
Ore: craftingRedstoneTorch
Ore: computerBasic
Ore: computerMaster
Ore: craftingWorkBench
Ore: craftingWorkBench
Ore: craftingPiston
Ore: craftingPiston
Ore: craftingSafe
Ore: craftingSafe
Ore: craftingChest
Ore: craftingChest
Ore: craftingFurnace
Ore: craftingFurnace
Ore: craftingPump
Ore: craftingElectromagnet
Ore: craftingTeleporter
Ore: craftingMacerator
Ore: craftingMacerator
Ore: craftingExtractor
Ore: craftingExtractor
Ore: craftingCompressor
Ore: craftingCompressor
Ore: craftingRecycler
Ore: craftingRecycler
Ore: craftingIronFurnace
Ore: craftingCentrifuge
Ore: craftingInductionFurnace
Ore: craftingElectricFurnace
Ore: craftingElectricFurnace
Ore: craftingGenerator
Ore: craftingGeothermalGenerator
Ore: craftingSolarPanel
Ore: craftingMVTUpgrade
Ore: paperEmpty
Ore: paperMap
Ore: paperMap
Ore: bookEmpty
Ore: bookWritable
Ore: bookWritten
Ore: bookEnchanted
Ore: dustCoal
Ore: dustIron
Ore: dustGold
Ore: dustCopper
Ore: dustTin
Ore: dustEnderPearl
Ore: itemSilicon
Ore: gearStone
Ore: glass
Ore: glassHardened
Ore: glass
Ore: shardNether
Ore: shardNether
Ore: shardNether
Ore: shardNether
Ore: shardNether
Ore: shardNether
Ore: shardNether
Ore: nuggetEmerald
Ore: dyeBlack
Ore: oreCopper
Ore: oreCopper
Ore: oreTin
Ore: oreTin
Ore: oreAluminum
Ore: oreAluminium
Ore: oreNaturalAluminum
Ore: oreSilicon
Ore: oreCheese
Ore: ingotCopper
Ore: ingotTin
Ore: ingotAluminium
Ore: ingotAluminum
Ore: compressedCopper
Ore: compressedTin
Ore: compressedAluminum
Ore: compressedSteel
Ore: compressedBronze
Ore: compressedIron
Ore: waferSolar
Ore: waferBasic
Ore: waferAdvanced
Ore: plateMeteoricIron
Ore: ingotMeteoricIron
Fluid: bacterialsludge
Fluid: mutagen
Fluid: grc.applecider0
Fluid: grc.applecider1
Fluid: grc.applecider2
Fluid: grc.applecider3
Ore: treeSaplingTree
Ore: saplingTree
Ore: treeSapling
Ore: seedApple
Ore: listAllseed
Ore: foodApplejuice
Ore: slabWood
Ore: woodSlab
Ore: stairWood
Ore: woodStair
Ore: treeLeavesTree
Ore: leavesTree
Ore: treeLeaves
Ore: cropBamboo
Ore: materialBamboo
Ore: bamboo
Ore: cropBambooshoot
Ore: listAllveggie
Fluid: grc.grapewine0
Fluid: grc.grapewine1
Fluid: grc.grapewine2
Fluid: grc.grapewine3
Ore: cropGrapes
Ore: foodGrapes
Ore: seedGrapes
Ore: cropGrape
Ore: seedGrape
Ore: foodGrapejuice
Ore: listAllseed
Ore: listAllfruit
Fluid: grc.hopale0
Fluid: grc.hopale1
Fluid: grc.hopale2
Fluid: grc.hopale3
Fluid: grc.hopale4
Ore: cropHops
Ore: materialHops
Ore: seedHops
Ore: listAllseed
Fluid: grc.ricesake0
Fluid: grc.ricesake1
Fluid: grc.ricesake2
Fluid: grc.ricesake3
Ore: cropRice
Ore: seedRice
Ore: listAllseed
Fluid: endergoo
Ore: ingotIron
Ore: ingotGold
Ore: slimeball
Ore: gemDiamond
Ore: gemEmerald
Ore: chestWood
Ore: stickWood
Ore: obsidian
Ore: whiteStone
Ore: transdimBlock
Fluid: maddna
Fluid: maddnamutant
Ore: hambone
Ore: blockRubber
Fluid: iron.molten
Fluid: gold.molten
Fluid: copper.molten
Fluid: tin.molten
Fluid: aluminum.molten
Fluid: cobalt.molten
Fluid: ardite.molten
Fluid: bronze.molten
Fluid: aluminumbrass.molten
Fluid: manyullyn.molten
Fluid: alumite.molten
Fluid: obsidian.molten
Fluid: steel.molten
Fluid: glass.molten
Fluid: stone.seared
Fluid: emerald.liquid
Fluid: blood
Fluid: nickel.molten
Fluid: lead.molten
Fluid: silver.molten
Fluid: platinum.molten
Fluid: invar.molten
Fluid: electrum.molten
Fluid: ender
Fluid: slime.blue
Fluid: glue
Fluid: pigiron.molten
Ore: oreCobalt
Ore: oreArdite
Ore: oreCopper
Ore: oreTin
Ore: oreAluminum
Ore: oreAluminium
Ore: oreIron
Ore: oreGold
Ore: oreCobalt
Ore: oreCopper
Ore: oreTin
Ore: oreAluminum
Ore: oreAluminium
Ore: ingotCobalt
Ore: ingotArdite
Ore: ingotManyullyn
Ore: ingotCopper
Ore: ingotTin
Ore: ingotAluminum
Ore: ingotAluminium
Ore: ingotBronze
Ore: ingotAluminumBrass
Ore: ingotAluminiumBrass
Ore: ingotAlumite
Ore: ingotSteel
Ore: ingotObsidian
Ore: ingotPigIron
Ore: itemRawRubber
Ore: blockCobalt
Ore: blockArdite
Ore: blockManyullyn
Ore: blockCopper
Ore: blockBronze
Ore: blockTin
Ore: blockAluminum
Ore: blockAluminium
Ore: blockAluminumBrass
Ore: blockAluminiumBrass
Ore: blockAlumite
Ore: blockSteel
Ore: nuggetIron
Ore: nuggetIron
Ore: nuggetCopper
Ore: nuggetCopper
Ore: nuggetTin
Ore: nuggetTin
Ore: nuggetAluminum
Ore: nuggetAluminum
Ore: nuggetAluminium
Ore: nuggetAluminium
Ore: nuggetAluminumBrass
Ore: nuggetAluminiumBrass
Ore: nuggetObsidian
Ore: nuggetCobalt
Ore: nuggetArdite
Ore: nuggetManyullyn
Ore: nuggetBronze
Ore: nuggetAlumite
Ore: nuggetSteel
Ore: nuggetGold
Ore: nuggetPigIron
Ore: dustArdite
Ore: dustCobalt
Ore: dustAluminium
Ore: dustAluminum
Ore: dustManyullyn
Ore: dustAluminiumBrass
Ore: dustAluminumBrass
Ore: slabCloth
Ore: slabCloth
Ore: crafterWood
Ore: craftingTableWood
Ore: torchStone
Ore: woodRod
Ore: stoneRod
Ore: ironRod
Ore: flintRod
Ore: cactusRod
Ore: boneRod
Ore: obsidianRod
Ore: netherrackRod
Ore: slimeRod
Ore: paperRod
Ore: cobaltRod
Ore: arditeRod
Ore: manyullynRod
Ore: copperRod
Ore: bronzeRod
Ore: alumiteRod
Ore: steelRod
Ore: blueslimeRod
Ore: thaumiumRod
Ore: glassWhite
Ore: glassOrange
Ore: glassMagenta
Ore: glassLightBlue
Ore: glassYellow
Ore: glassLime
Ore: glassPink
Ore: glassGray
Ore: glassLightGray
Ore: glassCyan
Ore: glassPurple
Ore: glassBlue
Ore: glassBrown
Ore: glassGreen
Ore: glassRed
Ore: glassBlack
Ore: slimeball
Ore: slimeball
Ore: slimeball
Ore: slimeball
Ore: glass
Ore: glass
Ore: mb.magnet.level0
Ore: mb.magnet.level0
Ore: mb.magnet.level1
Ore: mb.magnet.level1
Ore: mb.magnet.level2
Ore: mb.magnet.level2
Ore: mb.magnet.level3
Ore: mb.magnet.level3
Ore: mb.magnet.level4
Ore: mb.magnet.level4
Ore: mb.magnet.level5
Ore: mb.magnet.level5
Ore: mb.magnet.level6
Ore: mb.magnet.level6
Ore: mb.magnet.level7
Ore: mb.magnet.level7
Ore: mb.magnet.level8
Ore: mb.magnet.level8
Ore: beeComb
Ore: waxMagical
Ore: waxMagical
Ore: nuggetIron
Ore: nuggetCopper
Ore: nuggetTin
Ore: nuggetSilver
Ore: nuggetLead
Ore: shardDiamond
Ore: shardEmerald
Ore: shardApatite
Ore: oreUranium
Ore: elementHydrogen
Ore: elementHelium
Ore: elementLithium
Ore: elementBeryllium
Ore: elementBoron
Ore: elementCarbon
Ore: elementNitrogen
Ore: elementOxygen
Ore: elementFlourine
Ore: elementNeon
Ore: elementSodium
Ore: elementMagnesium
Ore: elementAluminium
Ore: elementSilicon
Ore: elementPhosphorus
Ore: elementSulfur
Ore: elementChlorine
Ore: elementArgon
Ore: elementPotassium
Ore: elementCalcium
Ore: elementScandium
Ore: elementTitanium
Ore: elementVanadium
Ore: elementChromium
Ore: elementManganese
Ore: elementIron
Ore: elementCobalt
Ore: elementNickel
Ore: elementCopper
Ore: elementZinc
Ore: elementGallium
Ore: elementGermanium
Ore: elementArsenic
Ore: elementSelenium
Ore: elementBromine
Ore: elementKrypton
Ore: elementRubidium
Ore: elementStrontium
Ore: elementYttrium
Ore: elementZirconium
Ore: elementNiobium
Ore: elementMolybdenum
Ore: elementTechnetium
Ore: elementRuthenium
Ore: elementRhodium
Ore: elementPalladium
Ore: elementSilver
Ore: elementCadmium
Ore: elementIndium
Ore: elementTin
Ore: elementAntimony
Ore: elementTellurium
Ore: elementIodine
Ore: elementXenon
Ore: elementCaesium
Ore: elementBarium
Ore: elementLanthanum
Ore: elementCerium
Ore: elementPraseodymium
Ore: elementNeodymium
Ore: elementPromethium
Ore: elementSamarium
Ore: elementEuropium
Ore: elementGadolinium
Ore: elementTerbium
Ore: elementDyprosium
Ore: elementHolmium
Ore: elementErbium
Ore: elementThulium
Ore: elementYtterbium
Ore: elementLutetium
Ore: elementHafnium
Ore: elementTantalum
Ore: elementTungsten
Ore: elementRhenium
Ore: elementOsmium
Ore: elementIridium
Ore: elementPlatinum
Ore: elementGold
Ore: elementMercury
Ore: elementThallium
Ore: elementLead
Ore: elementBismuth
Ore: elementPolonium
Ore: elementAstantine
Ore: elementRadon
Ore: elementFrancium
Ore: elementRadium
Ore: elementActinium
Ore: elementThorium
Ore: elementProtactinium
Ore: elementUranium
Ore: elementNeptunium
Ore: elementPlutonium
Ore: elementAmericium
Ore: elementCurium
Ore: elementBerkelium
Ore: elementCalifornium
Ore: elementEinsteinium
Ore: elementFermium
Ore: elementMendelenium
Ore: elementNobelium
Ore: elementLawrencium
Ore: elementRutherfordium
Ore: elementDubnium
Ore: elementSeaborgium
Ore: elementBohrium
Ore: elementHassium
Ore: elementMeitnerium
Ore: elementDarmstadtium
Ore: elementRoenthenium
Ore: elementCopernicium
Ore: elementUnuntrium
Fluid: myst.ink.black
Ore: ingotUranium
Ore: ingotIridium
Ore: solarPanelHV
Ore: sunnariumPart
Ore: sunnarium
Ore: itemSuperconductor
Fluid: fortron
Fluid: xpjuice
Found ConfigField creosote_fermentation
Fluid: rc ethanol
Fluid: jet fuel
Fluid: lubricant
Fluid: liquid nitrogen
Fluid: heavy water
Fluid: hydrofluoric acid
Fluid: uranium hexafluoride
Fluid: rc ammonia
Fluid: rc sodium
Fluid: rc chlorine
Fluid: rc oxygen
Fluid: rc deuterium
Fluid: rc tritium
Fluid: fusion plasma
Fluid: lowpammonia
Fluid: lowpwater
Fluid: hotsodium
Fluid: rc co2
Fluid: rc hot co2
Ore: orePitchblende
Ore: ingotUranium
Ore: oreCadmium
Ore: ingotCadmium
Ore: oreIndium
Ore: ingotIndium
Ore: oreSilver
Ore: ingotSilver
Ore: orePitchblende
Ore: ingotUranium
Ore: oreAmmonium
Ore: dustAmmonium
Ore: oreCalcite
Ore: gemCalcite
Ore: oreMagnetite
Ore: ingotMagnetite
Ore: dustQuicklime
Ore: oreFluorite
Ore: gemFluorite
Ore: oreFluorite
Ore: gemFluorite
Ore: oreFluorite
Ore: gemFluorite
Ore: oreFluorite
Ore: gemFluorite
Ore: oreFluorite
Ore: gemFluorite
Ore: oreFluorite
Ore: gemFluorite
Ore: oreFluorite
Ore: gemFluorite
Ore: oreFluorite
Ore: gemFluorite
Ore: stoneRod
Ore: stoneRod
Ore: oreBlueTopaz
Ore: oreVinteum
Ore: oreChimerite
Ore: oreMoonstone
Ore: oreSunstone
Ore: blockBlueTopaz
Ore: blockVinteum
Ore: blockChimerite
Ore: blockMoonstone
Ore: blockSunstone
Ore: logWood
Ore: stairWood
Ore: plankWood
Ore: slabWood
Ore: oreCertusQuartz
Ore: craftingQuartz
Ore: gemCertusQuartz
Ore: crystalCertusQuartz
Ore: dustCertusQuartz
Ore: dustNetherQuartz
Ore: dustEnderPearl
Ore: dustGold
Ore: dustIron
Ore: dustWheat
Ore: cropVine
Ore: oreNetherCoal
Ore: oreNetherDiamond
Ore: oreNetherGold
Ore: oreNetherIron
Ore: oreNetherLapis
Ore: oreNetherRedstone
Ore: oreNetherCopper
Ore: oreNetherTin
Ore: oreNetherEmerald
Ore: oreNetherSilver
Ore: oreNetherLead
Ore: oreNetherUranium
Ore: oreNetherRuby
Ore: oreNetherOlivine
Ore: oreNetherPeridot
Ore: oreNetherSapphire
Ore: oreNetherPlatinum
Ore: oreNetherNickel
Ore: oreNetherSteel
Ore: oreNetherIridium
Ore: oreNetherOsmium
Ore: dustIron
Ore: dustGold
Ore: dustCoal
Ore: dustObsidian
Ore: dustCopper
Ore: dustTin
Ore: dustSilver
Ore: dustLead
Ore: dustNickel
Ore: dustPlatinum
Ore: dustElectrum
Ore: dustInvar
Ore: dustBronze
Ore: dustEnderium
Ore: ingotCopper
Ore: ingotTin
Ore: ingotSilver
Ore: ingotLead
Ore: ingotNickel
Ore: ingotPlatinum
Ore: ingotElectrum
Ore: ingotInvar
Ore: ingotBronze
Ore: ingotEnderium
Ore: nuggetCopper
Ore: nuggetTin
Ore: nuggetSilver
Ore: nuggetLead
Ore: nuggetNickel
Ore: nuggetPlatinum
Ore: nuggetElectrum
Ore: nuggetInvar
Ore: nuggetBronze
Ore: nuggetEnderium
Ore: dustSulfur
Ore: dustSaltpeter
Ore: crystalCinnabar
Ore: gearCopper
Ore: gearTin
Ore: gearElectrum
Ore: gearInvar
Ore: gearBronze
Ore: oreCopper
Ore: oreTin
Ore: oreSilver
Ore: oreLead
Ore: oreNickel
Ore: blockCopper
Ore: blockTin
Ore: blockSilver
Ore: blockLead
Ore: blockNickel
Ore: blockPlatinum
Ore: blockElectrum
Ore: blockInvar
Ore: blockBronze
Ore: blockEnderium
Ore: glassHardened
Fluid: redstone
Fluid: glowstone
Fluid: pyrotheum
Fluid: cryotheum
Fluid: coal
Ore: itemRubber
Ore: itemRawRubber
Ore: logRubber
Ore: woodRubber
Ore: treeLeavesRubber
Ore: leavesRubber
Ore: sheetPlastic
Ore: dustPlastic
Ore: ingotMeat
Ore: ingotMeatRaw
Ore: nuggetMeat
Ore: nuggetMeatRaw
Ore: blockMeat
Ore: blockMeatRaw
Ore: itemCharcoalSugar
Ore: cableRedNet
Ore: slimeball
Ore: dyeBrown
Ore: fertilizerOrganic
Ore: wireExplosive
Ore: listAllmilk
Ore: slimeball
Ore: glass
Ore: nuggetGold
Ore: ingotGold
Fluid: glass
Fluid: biomass
Fluid: bioethanol
Fluid: seedoil
Fluid: honey
Fluid: juice
Fluid: ice
Ore: universalCable
Ore: battery
Ore: dustWood
Ore: pulpWood
Ore: dustObsidian
Ore: itemSalt
Ore: dustSalt
Ore: dustIron
Ore: dustGold
Ore: dustOsmium
Ore: dustRefinedObsidian
Ore: dustDiamond
Ore: dustSteel
Ore: dustCopper
Ore: dustTin
Ore: dustSilver
Ore: dustLead
Ore: dustSulfur
Ore: ingotRefinedObsidian
Ore: ingotOsmium
Ore: ingotBronze
Ore: ingotRefinedGlowstone
Ore: ingotSteel
Ore: ingotCopper
Ore: ingotTin
Ore: blockOsmium
Ore: blockBronze
Ore: blockRefinedObsidian
Ore: blockCharcoal
Ore: blockRefinedGlowstone
Ore: blockSteel
Ore: blockCopper
Ore: blockTin
Ore: dustImpureIron
Ore: dustDirtyIron
Ore: clumpIron
Ore: shardIron
Ore: crystalIron
Ore: dustImpureGold
Ore: dustDirtyGold
Ore: clumpGold
Ore: shardGold
Ore: crystalGold
Ore: dustImpureOsmium
Ore: dustDirtyOsmium
Ore: clumpOsmium
Ore: shardOsmium
Ore: crystalOsmium
Ore: dustImpureCopper
Ore: dustDirtyCopper
Ore: clumpCopper
Ore: shardCopper
Ore: crystalCopper
Ore: dustImpureTin
Ore: dustDirtyTin
Ore: clumpTin
Ore: shardTin
Ore: crystalTin
Ore: dustImpureSilver
Ore: dustDirtySilver
Ore: clumpSilver
Ore: shardSilver
Ore: crystalSilver
Ore: dustImpureObsidian
Ore: dustDirtyObsidian
Ore: clumpObsidian
Ore: shardObsidian
Ore: crystalObsidian
Ore: dustImpureLead
Ore: dustDirtyLead
Ore: clumpLead
Ore: shardLead
Ore: crystalLead
Ore: oreOsmium
Ore: oreCopper
Ore: oreTin
Ore: oreCoal
Ore: ingotIron
Ore: ingotGold
Ore: oreRedstone
Ore: oreRedstone
Ore: craftingCircuitTier02
Ore: circuitBasic
Ore: itemCompressedCarbon
Ore: itemEnrichedAlloy
Ore: dyeRed
Ore: dyeYellow
Ore: dyeBlue
Ore: dyeGreen
Ore: dyeBlack
Ore: dyeWhite
Ore: dyeBrown
Fluid: liquiddna
Fluid: life essence
Ore: oreCoal
Ore: blockMarble
Ore: blockLimestone
Ore: blockConcrete
Ore: blockHolystone
Ore: blockLavastone
Ore: blockFft
Ore: blockCarpet
Ore: blockTyrian
Ore: blockDirt
Ore: blockCloud
Ore: oreCopper
Ore: oreOilsands
Ore: orePetroleum
Ore: ingotCopper
Ore: ingotSteel
Ore: dustPlastic
Ore: dustCoal
Fluid: diesel
Fluid: refinedfuel
Ore: logWood
Ore: logWood
Ore: treeSapling
Ore: treeLeaves
Ore: treeLeaves
Ore: plankWood
Fluid: liquidforce
Ore: gemForce
Ore: ingotForce
Ore: nuggetForce
Ore: logWood
Ore: plankWood
Ore: slabWood
Ore: stairWood
Ore: treeSapling
Ore: treeLeaves
Ore: stickWood
Ore: itemTear
Ore: itemTear
Ore: itemClaw
Ore: itemBacon
Fluid: immibis.liquidxp
Ore: componentWiring
Ore: componentSolenoid
Ore: componentServo
Ore: componentGliderWing
Ore: componentIonThruster
Ore: componentLVCapacitor
Ore: componentMVCapacitor
Ore: componentHVCapacitor
Ore: componentParachute
Ore: componentPlatingBasic
Ore: componentPlatingAdvanced
Ore: componentFieldEmitter
Ore: componentLaserEmitter
Ore: componentCarbonMyofiber
Ore: componentControlCircuit
Ore: componentMyofiberGel
Ore: componentArtificialMuscle
Ore: plateThaumium
Ore: blockAluminium
Ore: blockAluminum
Ore: blockBronze
Ore: blockCopper
Ore: blockLead
Ore: blockNickel
Ore: blockPlatinum
Ore: blockSilver
Ore: blockSteel
Ore: blockTin
Ore: oreAluminium
Ore: oreAluminum
Ore: oreTin
Ore: oreEmery
Ore: oreLead
Ore: oreCopper
Ore: oreNickel
Ore: oreRuby
Ore: oreSapphire
Fluid: nutrientwater
Ore: ingotAluminium
Ore: ingotAluminum
Ore: ingotBronze
Ore: ingotCopper
Ore: ingotLead
Ore: ingotNickel
Ore: ingotPlatinum
Ore: ingotSilver
Ore: ingotSteel
Ore: ingotTin
Ore: gemEmery
Ore: gemRuby
Ore: gemSapphire
Ore: limestone
Ore: plankWood
Ore: plankWood
Ore: plankWood
Ore: plankWood
Ore: plankWood
Ore: plankWood
Ore: plankWood
Ore: plankWood
Ore: plankWood
Ore: plankWood
Ore: plankWood
Ore: plankWood
Ore: plankWood
Ore: plankWood
Ore: plankWood
Ore: plankWood
Fluid: slickwater
Ore: dustQuicklime
Ore: groundAluminum
Ore: groundTin
Ore: groundLead
Ore: groundGold
Ore: groundIron
Ore: groundCopper
Ore: groundNickel
Ore: groundSilver
Ore: dustImpureAluminium
Ore: dustImpureAluminum
Ore: dustImpureCopper
Ore: dustImpureLead
Ore: dustImpureNickel
Ore: dustImpureGold
Ore: dustImpureIron
Ore: dustImpureSilver
Ore: dustImpureTin
Ore: dustAluminium
Ore: dustAluminum
Ore: dustCopper
Ore: dustGold
Ore: dustIron
Ore: dustLead
Ore: dustNickel
Ore: dustPlatinum
Ore: dustSilver
Ore: dustTin
Ore: groundCobalt
Ore: groundArdite
Ore: dustImpureCobalt
Ore: dustImpureArdite
Ore: dustPureCobalt
Ore: dustPureArdite
Ore: bricksGravel
Ore: enderobsidian
Ore: burntquartz
Ore: icestone
Ore: blockUnstable
Ore: magicinfusedwood
Ore: endercore
Ore: sandyglass
Ore: glass
Ore: glass
Ore: glass
Ore: glass
Ore: glass
Ore: glass
Ore: bricksStone
Ore: bricksStone
Ore: bricksStone
Ore: bricksStone
Ore: bricksStone
Ore: bricksStone
Ore: bricksStone
Ore: bricksStone
Ore: bricksStone
Ore: bricksStone
Ore: bricksStone
Ore: bricksStone
Ore: bricksStone
Ore: bricksStone
Ore: bricksStone
Ore: bricksStone
Ore: plankWood
Ore: plankWood
Ore: plankWood
Ore: plankWood
Ore: plankWood
Ore: plankWood
Ore: plankWood
Ore: plankWood
Ore: plankWood
Ore: plankWood
Ore: plankWood
Ore: plankWood
Ore: plankWood
Ore: plankWood
Ore: plankWood
Ore: plankWood
Ore: compressedCobblestone1x
Ore: compressedCobblestone2x
Ore: compressedCobblestone3x
Ore: compressedCobblestone4x
Ore: compressedCobblestone5x
Ore: compressedCobblestone6x
Ore: compressedCobblestone7x
Ore: compressedCobblestone8x
Ore: compressedDirt1x
Ore: compressedDirt2x
Ore: compressedDirt3x
Ore: compressedDirt4x
Ore: compressedGravel1x
Ore: compressedGravel2x
Ore: compressedSand1x
Ore: compressedSand2x
Ore: ingotUnstable
Ore: nuggetUnstable
Ore: componentSolarPanel
Ore: componentMagnet
Ore: componentComputerChip
Ore: dustAsh
Fluid: gascraft_naturalgas
Fluid: gascraft_propellent
Fluid: gascraft_hydrogen
Fluid: gascraft_smoke
Fluid: gascraft_toxicgas
Fluid: gascraft_neurotoxin
Fluid: gascraft_corrosivegas
Fluid: gascraft_plasma
Ore: itemBioFuel
Fluid: minechem chemical: cellulose
Fluid: minechem chemical: water
Fluid: minechem chemical: carbon dioxide
Fluid: minechem chemical: nitrogen dioxide
Fluid: minechem chemical: toluene
Fluid: minechem chemical: potassium nitrate
Fluid: minechem chemical: trinitrotoluene
Fluid: minechem chemical: silicon dioxide
Fluid: minechem chemical: calcite
Fluid: minechem chemical: pyrite
Fluid: minechem chemical: nepheline
Fluid: minechem chemical: sulfate (ion)
Fluid: minechem chemical: noselite
Fluid: minechem chemical: sodalite
Fluid: minechem chemical: nitrate (ion)
Fluid: minechem chemical: carbonate (ion)
Fluid: minechem chemical: potassium cyanide
Fluid: minechem chemical: phosphate (ion)
Fluid: minechem chemical: acetate (ion)
Fluid: minechem chemical: chromate (ion)
Fluid: minechem chemical: hydroxide (ion)
Fluid: minechem chemical: ammonium (ion)
Fluid: minechem chemical: hydronium (ion)
Fluid: minechem chemical: peroxide (ion)
Fluid: minechem chemical: calcium oxide
Fluid: minechem chemical: calcium carbonate
Fluid: minechem chemical: magnesium carbonate
Fluid: minechem chemical: lazurite
Fluid: minechem chemical: isoprene
Fluid: minechem chemical: butene
Fluid: minechem chemical: polyisobutylene rubber
Fluid: minechem chemical: malic acid
Fluid: minechem chemical: vinyl chloride monomer
Fluid: minechem chemical: polyvinyl chloride
Fluid: minechem chemical: methamphetamine
Fluid: minechem chemical: psilocybin
Fluid: minechem chemical: iron (iii) oxide
Fluid: minechem chemical: strontium nitrate
Fluid: minechem chemical: magnetite
Fluid: minechem chemical: magnesium oxide
Fluid: minechem chemical: cucurbitacin
Fluid: minechem chemical: aspartic acid
Fluid: minechem chemical: hydroxylapatite
Fluid: minechem chemical: alanine (amino acid)
Fluid: minechem chemical: glycine (amino acid)
Fluid: minechem chemical: serine  (amino acid)
Fluid: minechem chemical: mescaline
Fluid: minechem chemical: methyl (ion)
Fluid: minechem chemical: methylene (ion)
Fluid: minechem chemical: cyanoacrylate
Fluid: minechem chemical: poly-cyanoacrylate
Fluid: minechem chemical: cobalt(ii) nitrate
Fluid: minechem chemical: potassium dichromate
Fluid: minechem chemical: potassium chromate
Fluid: minechem chemical: nickel(ii) chloride
Fluid: minechem chemical: copper(ii) sulfate
Fluid: minechem chemical: potassium permanganate
Fluid: minechem chemical: zinc green
Fluid: minechem chemical: carbon black
Fluid: minechem chemical: titanium dioxide
Fluid: minechem chemical: metasilicate
Fluid: minechem chemical: beryl
Fluid: minechem chemical: ethyl alcohol
Fluid: minechem chemical: amphetamine
Fluid: minechem chemical: theobromine
Fluid: minechem chemical: starch
Fluid: minechem chemical: sucrose
Fluid: minechem chemical: pantherine
Fluid: minechem chemical: aluminium oxide
Fluid: minechem chemical: carbon nanotubes
Fluid: minechem chemical: keratin
Fluid: minechem chemical: penicillin
Fluid: minechem chemical: testosterone
Fluid: minechem chemical: kaolinite
Fluid: minechem chemical: fingolimod
Fluid: minechem chemical: arginine (amino acid)
Fluid: minechem chemical: shikimic acid
Fluid: minechem chemical: sulfuric acid
Fluid: minechem chemical: glyphosate
Fluid: minechem chemical: aspirin
Fluid: minechem chemical: ddt
Fluid: minechem chemical: dota
Fluid: minechem chemical: t-2 mycotoxin
Fluid: minechem chemical: salt
Fluid: minechem chemical: ammonia
Fluid: minechem chemical: nodularin
Fluid: minechem chemical: ttx (tetrodotoxin)
Fluid: minechem chemical: thc
Fluid: minechem chemical: methylcyclopentadienyl manganese tricarbonyl
Fluid: minechem chemical: tert-butyllithium
Fluid: minechem chemical: chloroplatinic acid
Fluid: minechem chemical: phosgene
Fluid: minechem chemical: allyl alcohol
Fluid: minechem chemical: diphenhydramine
Fluid: minechem chemical: batrachotoxin
Fluid: minechem chemical: retinol
Fluid: minechem chemical: xylitol
Fluid: minechem chemical: aminocyclopyrachlor
Fluid: minechem chemical: alprazolam
Fluid: minechem chemical: hydrogen chloride
Fluid: minechem chemical: cocaine
Fluid: minechem chemical: cocaine hydrochloride
Fluid: minechem chemical: 1,4-dimethyl-7-isopropylazulene (guaiazulene)
Fluid: minechem chemical: pelargonidin
Fluid: minechem chemical: delphinidin
Fluid: minechem chemical: olivine
Fluid: minechem chemical: methylene blue
Fluid: minechem chemical: methyl alcohol
Fluid: minechem chemical: cholesteryl benzoate
Fluid: minechem chemical: radium chloride
Fluid: minechem chemical: caulerpenyne
Fluid: minechem chemical: l-hyoscyamine
Fluid: minechem chemical: gallic acid
Fluid: minechem chemical: glucose
Fluid: minechem chemical: tannic acid
Fluid: minechem chemical: hydrogen peroxide
Fluid: minechem chemical: gallium arsenide
Fluid: minechem chemical: fibroin
Fluid: minechem chemical: aluminium phosphate
Fluid: minechem chemical: potassium oxide
Fluid: minechem chemical: sodium oxide
Fluid: minechem chemical: anorthite
Fluid: minechem chemical: albite
Fluid: minechem chemical: orthoclase
Fluid: minechem chemical: biotite
Fluid: minechem chemical: augite
Fluid: minechem chemical: talc
Fluid: minechem chemical: minechem.molecule.propane
Fluid: minechem chemical: minechem.molecule.peridot
Fluid: minechem chemical: minechem.molecule.fluorinehydroxide
Fluid: minechem chemical: minechem.molecule.topaz
Fluid: minechem chemical: minechem.molecule.zoisite
Fluid: helium
Fluid: lithium
Fluid: beryllium
Fluid: boron
Fluid: carbon
Fluid: nitrogen
Fluid: flourine
Fluid: neon
Fluid: sodium
Fluid: magnesium
Fluid: aluminium
Fluid: silicon
Fluid: phosphorus
Fluid: sulfur
Fluid: argon
Fluid: potassium
Fluid: calcium
Fluid: scandium
Fluid: titanium
Fluid: vanadium
Fluid: chromium
Fluid: manganese
Fluid: iron
Fluid: cobalt
Fluid: nickel
Fluid: copper
Fluid: zinc
Fluid: gallium
Fluid: germanium
Fluid: arsenic
Fluid: selenium
Fluid: bromine
Fluid: krypton
Fluid: rubidium
Fluid: strontium
Fluid: yttrium
Fluid: zirconium
Fluid: niobium
Fluid: molybdenum
Fluid: technetium
Fluid: ruthenium
Fluid: rhodium
Fluid: palladium
Fluid: silver
Fluid: cadmium
Fluid: indium
Fluid: tin
Fluid: antimony
Fluid: tellurium
Fluid: iodine
Fluid: xenon
Fluid: caesium
Fluid: barium
Fluid: lanthanum
Fluid: cerium
Fluid: praseodymium
Fluid: neodymium
Fluid: promethium
Fluid: samarium
Fluid: europium
Fluid: gadolinium
Fluid: terbium
Fluid: dyprosium
Fluid: holmium
Fluid: erbium
Fluid: thulium
Fluid: ytterbium
Fluid: lutetium
Fluid: hafnium
Fluid: tantalum
Fluid: tungsten
Fluid: rhenium
Fluid: osmium
Fluid: iridium
Fluid: platinum
Fluid: gold
Fluid: mercury
Fluid: thallium
Fluid: lead
Fluid: bismuth
Fluid: polonium
Fluid: astantine
Fluid: radon
Fluid: francium
Fluid: radium
Fluid: actinium
Fluid: thorium
Fluid: protactinium
Fluid: uranium
Fluid: neptunium
Fluid: plutonium
Fluid: americium
Fluid: curium
Fluid: berkelium
Fluid: californium
Fluid: einsteinium
Fluid: fermium
Fluid: mendelenium
Fluid: nobelium
Fluid: lawrencium
Fluid: rutherfordium
Fluid: dubnium
Fluid: seaborgium
Fluid: bohrium
Fluid: hassium
Fluid: meitnerium
Fluid: darmstadtium
Fluid: roenthenium
Fluid: copernicium
Fluid: ununtrium
Ore: greggy_greg_do_please_kindly_stuff_a_sock_in_it
Ore: dyeWhite
Ore: dyeOrange
Ore: dyeMagenta
Ore: dyeLightBlue
Ore: dyeYellow
Ore: dyeLime
Ore: dyePink
Ore: dyeGray
Ore: dyeLightGray
Ore: dyeCyan
Ore: dyePurple
Ore: dyeBlue
Ore: dyeBrown
Ore: dyeGreen
Ore: dyeRed
Ore: dyeBlack
Ore: cropPumpkin
Ore: cropMelon
Ore: cropPotato
Ore: cropCarrot
Fluid: peat
Fluid: vegetable
Setting up meta item: 4602:0 Blacksmithing Hammer
Setting up meta item: 4603:0 Iron Ring
Setting up meta item: 4600:0 Sugar Charcoal
Setting up meta item: 4600:1 Sugar Coke
Setting up meta item: 4600:2 Cactus Charcoal
Setting up meta item: 4600:3 Cactus Coke
Fluid: molten redstone
Fluid: molten conductive redmetal
Ore: dustCopper
Ore: dustGold
Ore: dustIron
Ore: dustLead
Ore: dustSilver
Ore: dustTin
Ore: dustBronze
Ore: dustAluminium
Ore: dustAluminum
Ore: dustAluminiumBrass
Ore: dustAluminumBrass
Ore: dustCobalt
Ore: dustArdite
Ore: dustManyullyn
Ore: ingotIron
Ore: ingotGold
Ore: oreAmethyst
Ore: ingotHSLA
Ore: ingotSteel
Ore: pulpWood
Ore: dustWood
Ore: ingotSilver
Ore: ingotAluminium
Ore: ingotAluminum
Ore: RotaryCraft:dustBedrock
Ore: RotaryCraft:ingotBedrock
Ore: dustNetherrack
Ore: dustSoulSand
Ore: ingotTin
Ore: ingotCopper
Ore: ingotLead
Ore: ingotNickel
Ore: ingotSilver
Ore: dustGalena
Ore: ingotAluminium
Ore: ingotAluminum
Ore: ingotIridium
Ore: shardFirestone
Ore: crystalQuartz
Ore: ingotUranium
Ore: itemQuicksilver
Ore: gemAmber
Ore: shardAir
Ore: shardFire
Ore: shardWater
Ore: shardEarth
Ore: shardEntropy
Ore: shardOrder
Ore: gemApatite
Ore: dustSaltpeter
Ore: ingotTungsten
Ore: dustNikolite
Ore: gemGreenSapphire
Ore: gemRuby
Ore: gemSapphire
Ore: ForciciumItem
Ore: gemForce
Ore: itemCoal
Ore: ingotIron
Ore: ingotGold
Ore: dustRedstone
Ore: dyeBlue
Ore: gemDiamond
Ore: gemEmerald
Ore: ingotTin
Ore: ingotCopper
Ore: ingotLead
Ore: ingotNickel
Ore: ingotSilver
Ore: dustNikolite
Ore: ingotCobalt
Ore: ingotArdite
Ore: ingotPlatinum
Ore: ingotPlatinum
Ore: ingotZinc
Ore: ingotOsmium
Ore: ingotSteel
Ore: dustSulfur
Ore: ingotUranium
Ore: ingotCadmium
Ore: ingotIndium
Ore: gemFluorite
Ore: dustBauxite
Ore: dyeBlue
Ore: dustPyrite
Ore: dustAmmonium
Ore: gemCalcite
Ore: gemChimerite
Ore: dustVinteum
Ore: gemBlueTopaz
Ore: gemMoonstone
Ore: gemSunstone
Ore: ingotTitanium
Ore: dropMagma
Ore: gemMagnetite
Ore: itemEssence
Ore: gemMimichite
Ore: ingotUranium
Ore: dustQuantum
Ore: ingotIridium
Ore: ingotDarkIron
Ore: ingotFzDarkIron
Ore: ingotChrome
Ore: gemSapphire
Ore: gemGreenSapphire
Ore: dustCoal
Ore: blockElectrumFlux
Ore: blockCrystalFlux
Ore: dustElectrumFlux
Ore: ingotElectrumFlux
Ore: nuggetElectrumFlux
Ore: gemCrystalFlux
Ore: rodIron
Ore: diamondNugget
Fluid: fluidwitcheryspirit
Ore: plankWood
Ore: treeSapling
Ore: logWood
Ore: treeLeaves
Ore: slabWood
Ore: stairWood
Ore: stairWood
Ore: stairWood
Ore: obsidianRod
Ore: stoneBowl
Ore: stoneRedrock
Ore: stoneRedrock
Ore: stoneRedrock
Ore: craftingEnderChest
Ore: stoneBasalt
Ore: stoneBasalt
Ore: stoneBasalt
Ore: stoneBasalt
Ore: stoneBasalt
Ore: stoneBasalt
Ore: stoneBasalt
Ore: stoneBasalt
Ore: stoneMarble
Ore: stoneMarble
Ore: stoneMarble
Ore: stoneMarble
Ore: stoneMarble
Ore: stoneMarble
Ore: stoneMarble
Ore: stoneMarble
Ore: craftingWorkBench
Ore: craftingPump
Ore: craftingTank
Ore: stoneObsidian
Ore: stoneObsidian
Ore: bookMystcraftAge
Ore: bookMystcraftLink
Ore: bookNotes
Ore: paperMystcraft
Ore: bookTinkersManual
Ore: paperBlueprint
Ore: paperResearch
Ore: bookThaumonomicon
Ore: gemMercury
Ore: gemQuicksilver
Ore: ingotFieryBlood
Ore: ingotIronWood
Ore: ingotSteelLeaf
Ore: paperWritten
Ore: paperWritten
Ore: bookWritten
Fluid: heliumplasma
Fluid: deuterium
Fluid: tritium
Fluid: helium-3
Fluid: methane
Fluid: nitrogendioxide
Fluid: wolframium
Fluid: berylium
Fluid: chlorite
Fluid: nitrofuel
Fluid: sodiumpersulfate
Fluid: calciumcarbonate
Fluid: glyceryl
Fluid: nitrocoalfuel
Ore: glassWhite
Ore: glassPaneWhite
Ore: dyeCeramicWhite
Ore: glassOrange
Ore: glassPaneOrange
Ore: dyeCeramicOrange
Ore: glassMagenta
Ore: glassPaneMagenta
Ore: dyeCeramicMagenta
Ore: glassLightBlue
Ore: glassPaneLightBlue
Ore: dyeCeramicLightBlue
Ore: glassYellow
Ore: glassPaneYellow
Ore: dyeCeramicYellow
Ore: glassLime
Ore: glassPaneLime
Ore: dyeCeramicLime
Ore: glassPink
Ore: glassPanePink
Ore: dyeCeramicPink
Ore: glassGray
Ore: glassPaneGray
Ore: dyeCeramicGray
Ore: glassLightGray
Ore: glassPaneLightGray
Ore: dyeCeramicLightGray
Ore: glassCyan
Ore: glassPaneCyan
Ore: dyeCeramicCyan
Ore: glassPurple
Ore: glassPanePurple
Ore: dyeCeramicPurple
Ore: glassBlue
Ore: glassPaneBlue
Ore: dyeCeramicBlue
Ore: glassBrown
Ore: glassPaneBrown
Ore: dyeCeramicBrown
Ore: glassGreen
Ore: glassPaneGreen
Ore: dyeCeramicGreen
Ore: glassRed
Ore: glassPaneRed
Ore: dyeCeramicRed
Ore: glassBlack
Ore: glassPaneBlack
Ore: dyeCeramicBlack
Ore: stoneSmooth
Ore: stone
Ore: stoneSmooth
Ore: stone
Ore: stoneCobble
Ore: cobblestone
Ore: stoneCobble
Ore: cobblestone
Ore: ingotIron
Ore: ingotGold
Ore: gemDiamond
Ore: gemEmerald
Ore: gemLapis
Ore: beeComb
Ore: fz.waterBucketLike
Ore: fz.waterBucketLike
Ore: fz.waterBucketLike
Ore: fz.waterBucketLike
Ore: fz.waterBucketLike
Ore: dirtyGravelIron
Ore: cleanGravelIron
Ore: reducedIron
Ore: crystallineIron
Ore: dirtyGravelGold
Ore: cleanGravelGold
Ore: reducedGold
Ore: crystallineGold
Ore: dirtyGravelLead
Ore: cleanGravelLead
Ore: reducedLead
Ore: crystallineLead
Ore: dirtyGravelTin
Ore: cleanGravelTin
Ore: reducedTin
Ore: crystallineTin
Ore: dirtyGravelCopper
Ore: cleanGravelCopper
Ore: reducedCopper
Ore: crystallineCopper
Ore: dirtyGravelGalena
Ore: cleanGravelGalena
Ore: reducedGalena
Ore: crystallineGalena
Ore: dirtyGravelSilver
Ore: cleanGravelSilver
Ore: reducedSilver
Ore: crystallineSilver
Ore: dirtyGravelCobalt
Ore: cleanGravelCobalt
Ore: reducedCobalt
Ore: crystallineCobalt
Ore: dirtyGravelArdite
Ore: cleanGravelArdite
Ore: reducedArdite
Ore: crystallineArdite
Ore: dirtyGravelDarkIron
Ore: dirtyGravelDark Iron
Ore: cleanGravelDarkIron
Ore: cleanGravelDark Iron
Ore: reducedDarkIron
Ore: reducedDark Iron
Ore: crystallineDarkIron
Ore: crystallineDark Iron
Ore: ingotNaturalAluminum
Ore: ingotNaturalAluminum
Ore: ingotNaturalAluminum
Ore: ingotNaturalAluminum
Ore: ingotNaturalAluminum
Ore: ingotNaturalAluminum
Ore: ingotAluminum
Ore: itemSilicon
Ore: blockUnstable
Ore: burntquartz
Ore: icestone
Ore: dustAluminum
Ore: dustAluminum
Ore: dustAluminum
Ore: dustAluminum
Ore: glassHardened
Ore: glassReinforced
Ore: glassReinforced
Ore: glassReinforced
Ore: oreMCropsEssence
Ore: oreMCropsNetherEssence
Ore: ingotDesh
Ore: plateDesh
Ore: plateHeavyT2
Ore: ProjRed|Exploration:bag
Ore: ProjRed|Exploration:bag
Ore: ProjRed|Exploration:bag
Ore: ProjRed|Exploration:bag
Ore: ProjRed|Exploration:bag
Ore: ProjRed|Exploration:bag
Ore: ProjRed|Exploration:bag
Ore: ProjRed|Exploration:bag
Ore: ProjRed|Exploration:bag
Ore: ProjRed|Exploration:bag
Ore: ProjRed|Exploration:bag
Ore: ProjRed|Exploration:bag
Ore: ProjRed|Exploration:bag
Ore: ProjRed|Exploration:bag
Ore: ProjRed|Exploration:bag
Ore: ProjRed|Exploration:bag
Ore: gemRuby
Ore: gemSapphire
Ore: gemOlivine
Ore: gemPeridot
Ore: oreRuby
Ore: oreSapphire
Ore: oreOlivine
Ore: orePeridot
Ore: projredInsFramedWire
Ore: projredInsulatedWire
Ore: projredInsFramedWire
Ore: projredInsulatedWire
Ore: projredInsFramedWire
Ore: projredInsulatedWire
Ore: projredInsFramedWire
Ore: projredInsulatedWire
Ore: projredInsFramedWire
Ore: projredInsulatedWire
Ore: projredInsFramedWire
Ore: projredInsulatedWire
Ore: projredInsFramedWire
Ore: projredInsulatedWire
Ore: projredInsFramedWire
Ore: projredInsulatedWire
Ore: projredInsFramedWire
Ore: projredInsulatedWire
Ore: projredInsFramedWire
Ore: projredInsulatedWire
Ore: projredInsFramedWire
Ore: projredInsulatedWire
Ore: projredInsFramedWire
Ore: projredInsulatedWire
Ore: projredInsFramedWire
Ore: projredInsulatedWire
Ore: projredInsFramedWire
Ore: projredInsulatedWire
Ore: projredInsFramedWire
Ore: projredInsulatedWire
Ore: projredInsFramedWire
Ore: projredInsulatedWire
Ore: projredBundledCable
Ore: projredBundledCable
Ore: projredBundledCable
Ore: projredBundledCable
Ore: projredBundledCable
Ore: projredBundledCable
Ore: projredBundledCable
Ore: projredBundledCable
Ore: projredBundledCable
Ore: projredBundledCable
Ore: projredBundledCable
Ore: projredBundledCable
Ore: projredBundledCable
Ore: projredBundledCable
Ore: projredBundledCable
Ore: projredBundledCable
Ore: projredBundledCable
Ore: itemCharcoalSugar
Ore: itemCokeSugar
Ore: itemCharcoalCactus
Ore: itemCokeCactus
Ore: oreCinnabar
Ore: itemQuicksilver
Ore: oreAmber
Ore: gemAmber
Ore: oreInfusedAir
Ore: shardAir
Ore: oreInfusedFire
Ore: shardFire
Ore: oreInfusedWater
Ore: shardWater
Ore: oreInfusedEarth
Ore: shardEarth
Ore: oreInfusedEntropy
Ore: shardEntropy
Ore: oreInfusedOrder
Ore: shardOrder
Ore: oreForce
Ore: oreForce
Ore: oreOsmium
Ore: oreChimerite
Ore: gemChimerite
Ore: oreVinteum
Ore: dustVinteum
Ore: oreBlueTopaz
Ore: gemBlueTopaz
Ore: oreMoonstone
Ore: gemMoonstone
Ore: oreSunstone
Ore: gemSunstone
Ore: oreEssence
Ore: oreNetherEssence
